<?xml version="1.0" encoding="UTF-8"?>
<!-- Generated by org.testng.reporters.JUnitReportReporter -->
<testsuite hostname="prateek-laptop" name="com.clinportal.test.LoginPageTest" tests="1" failures="0" timestamp="18 Sep 2013 17:56:53 GMT" time="11.027" errors="0">
  <testcase name="testLoginSuccess" time="11.027" classname="com.clinportal.test.LoginPageTest"/>
</testsuite> <!-- com.clinportal.test.LoginPageTest -->
